[Info] Opening project file
[Info] Running compilation ...

===================================== Compiler Message Begins =====================================
cuplx
time: 0 secs
cupla
 29:Pin 23 = !cs0;
      ^
[0009ca] missing symbol:  ;
 32:cs0 = iorq & io_addr:[E0..E3];
      ^
[0009ca] missing symbol:  ;
time: 0 secs
Total time: 0 secs
Fatal CUPL errors encountered ... program aborted!
Normal exit
Error Code = 1

====================================== Compiler Message Ends ======================================
[Error #1066] Compilation failed
[Info] Running compilation ...

===================================== Compiler Message Begins =====================================
cuplx
time: 0 secs
cupla
 29:Pin 23 = !cs0;
      ^
[0009ca] missing symbol:  ;
time: 0 secs
Total time: 0 secs
Fatal CUPL errors encountered ... program aborted!
Normal exit
Error Code = 1

====================================== Compiler Message Ends ======================================
[Error #1066] Compilation failed
[Info] Running compilation ...

===================================== Compiler Message Begins =====================================
cuplx
time: 0 secs
cupla
time: 0 secs
cuplb
time: 0 secs
cuplm
time: 0 secs
cuplc
time: 0 secs
total time: 0 secs
Normal exit
Error Code = 0

====================================== Compiler Message Ends ======================================
[Info] Design compiled successfully
[Info] Running compilation ...

===================================== Compiler Message Begins =====================================
cuplx
time: 0 secs
cupla
 20:Pin 8 = a0;
      ^
[0009ca] missing symbol:  ;
 24:Pin 23 = !cs0;
      ^
[0009ca] missing symbol:  ;
time: 0 secs
Total time: 0 secs
Fatal CUPL errors encountered ... program aborted!
Normal exit
Error Code = 1

====================================== Compiler Message Ends ======================================
[Error #1066] Compilation failed
[Info] Running compilation ...

===================================== Compiler Message Begins =====================================
cuplx
time: 0 secs
cupla
time: 0 secs
cuplb
time: 0 secs
cuplm
time: 0 secs
cuplc
time: 0 secs
total time: 0 secs
Normal exit
Error Code = 0

====================================== Compiler Message Ends ======================================
[Info] Design compiled successfully
[Info] Running compilation ...

===================================== Compiler Message Begins =====================================
cuplx
time: 0 secs
cupla
time: 0 secs
cuplb
time: 0 secs
cuplm
time: 0 secs
cuplc
time: 0 secs
total time: 0 secs
Normal exit
Error Code = 0

====================================== Compiler Message Ends ======================================
[Info] Design compiled successfully
[Info] Running compilation ...

===================================== Compiler Message Begins =====================================
cuplx
time: 0 secs
cupla
time: 0 secs
cuplb
time: 0 secs
cuplm
time: 0 secs
cuplc
time: 0 secs
total time: 0 secs
Normal exit
Error Code = 0

====================================== Compiler Message Ends ======================================
[Info] Design compiled successfully
