LISTING FOR LOGIC DESCRIPTION FILE: u1_KB.pld                        Page 1

CUPL(WM): Universal Compiler for Programmable Logic
Version 5.0a Serial# MW-10400000
Copyright (c) 1983, 1998 Logical Devices, Inc.
Created Wed Apr 29 10:13:32 2026

  1:Name            U1_KB;
  2:Partno          U1;
  3:Revision        02;
  4:Date            04/2026;
  5:Designer        Emil;
  6:Company         None;
  7:Location        None;
  8:Assembly        None;
  9:Device          g16v8s;
 10:
 11:Pin 1 = !iorq;
 12:Pin [9, 8, 7, 6, 5, 4, 3, 2] = [a7..a0];
 13:field io_addr = [a7..a0];
 14:
 15:/* Pins 17-18 are unused */
 16:Pin 19 = !cs0;
 17:Pin 18 = addr;
 18:
 19:cs0 = iorq & (io_addr:[60] # io_addr:[64]);
 20:addr = a2;
 21:
 22:/* Alternative to use ports $90 and $91 */
 23:/* 
 24:cs0 = iorq & a7 & !a6 & !a5 & a4 & !a3 & !a2 & !a1;
 25:addr = a20;
 26:*/
 27:



Jedec Fuse Checksum       (11a7)
Jedec Transmit Checksum   (79fc)
