[Info] Opening project file
[Info] Running compilation ...

===================================== Compiler Message Begins =====================================
cuplx
time: 0 secs
cupla
 20:Pin 3 = a0;
              ^
[0014ca] variable already declared:  a0
 21:Pin 4 = a1;
              ^
[0014ca] variable already declared:  a1
time: 0 secs
Total time: 0 secs
Fatal CUPL errors encountered ... program aborted!
Normal exit
Error Code = 1

====================================== Compiler Message Ends ======================================
[Error #1066] Compilation failed
[Info] Running compilation ...

===================================== Compiler Message Begins =====================================
cuplx
time: 0 secs
cupla
[0018ca] intermediate var not assigned an expression:  wd
time: 0 secs
Total time: 0 secs
Fatal CUPL errors encountered ... program aborted!
Normal exit
Error Code = 1

====================================== Compiler Message Ends ======================================
[Error #1066] Compilation failed
[Info] Running compilation ...

===================================== Compiler Message Begins =====================================
cuplx
time: 0 secs
cupla
time: 0 secs
cuplb
time: 0 secs
cuplm
time: 0 secs
cuplc
time: 0 secs
total time: 0 secs
Normal exit
Error Code = 0

====================================== Compiler Message Ends ======================================
[Info] Design compiled successfully
