LISTING FOR LOGIC DESCRIPTION FILE: u1_8088.pld                      Page 1

CUPL(WM): Universal Compiler for Programmable Logic
Version 5.0a Serial# MW-10400000
Copyright (c) 1983, 1998 Logical Devices, Inc.
Created Thu Mar 12 09:19:05 2026

  1:Name            U1_8088;
  2:Partno          CA0001;
  3:Revision        01;
  4:Date            01/2026;
  5:Designer        Emil;
  6:Company         None;
  7:Location        None;
  8:Assembly        None;
  9:Device          g22v10;
 10:
 11:Pin 1 = sysclk; /* not used */
 12:Pin 2 = m;                    /* io/m* =0 for memory access; =1 for io access */
 13:Pin 3 = ecbnmi;
 14:Pin 4 = ecbint;
 15:Pin 5 = ecbrd;
 16:Pin 6 = ecbwr; 
 17:Pin 7 = a19;
 18:Pin 8 = reset;
 19:Pin 9 = den;    /* not used */
 20:Pin 10 = dtr;   /* not used */
 21:Pin 11 = ss0;   /* not used */
 22:
 23:/* Pins 13 and 14 are unused at the moment */
 24:Pin 15 = clk8;
 25:Pin 16 = clk4;
 26:Pin 17 = clk2;
 27:Pin 18 = int;
 28:Pin 19 = nmi;
 29:Pin 20 = ecbreset;
 30:Pin 21 = ecbiorq;
 31:Pin 22 = csram;
 32:Pin 23 = csrom;
 33:
 34:int = !ecbint;
 35:nmi = !ecbnmi;
 36:ecbreset = !reset;
 37:ecbiorq = !m;
 38:csram = !(!m & !a19);
 39:csrom = !(!m & a19);
 40:clk2.d = !clk2;
 41:clk4.d = clk4 $ clk2;
 42:clk8.d = clk8 $ (clk2 & clk4);
 43:
 44:

[0016cb] Please note: no expression assigned to:  clk2.ar
[0016cb] Please note: no expression assigned to:  clk2.sp
[0016cb] Please note: no expression assigned to:  clk4.ar
[0016cb] Please note: no expression assigned to:  clk4.sp
[0016cb] Please note: no expression assigned to:  clk8.ar
[0016cb] Please note: no expression assigned to:  clk8.sp


Jedec Fuse Checksum       (71dd)
Jedec Transmit Checksum   (8860)
