[Info] Opening project file
[Info] Running compilation ...

===================================== Compiler Message Begins =====================================
cuplx
time: 0 secs
cupla
time: 0 secs
cuplb
[0016cb] Please note: no expression assigned to:  clk2.ar
[0016cb] Please note: no expression assigned to:  clk2.sp
[0016cb] Please note: no expression assigned to:  clk4.ar
[0016cb] Please note: no expression assigned to:  clk4.sp
[0016cb] Please note: no expression assigned to:  clk8.ar
[0016cb] Please note: no expression assigned to:  clk8.sp
time: 0 secs
cuplm
time: 0 secs
cuplc
time: 0 secs
total time: 0 secs
Normal exit
Error Code = 0

====================================== Compiler Message Ends ======================================
[Info] Design compiled successfully
